[2024-10-23 11:48:47,642][spider.py 79][INFO]: ___________开始爬虫___________
[2024-10-23 11:48:47,642][read_config.py 20][INFO]: 读取目标网站的url
[2024-10-23 11:48:57,413][spider.py 30][INFO]: get song: Incredible Music for Home Cooking">Coffee Shop Jazz Relax - Incredible Music for Home Cooking , url:/music/1831704759.html
[2024-10-23 11:48:57,414][spider.py 30][INFO]: get song: 寸草春晖">是你的狐狸ya - 寸草春晖 , url:/music/1932814567.html
[2024-10-23 11:48:57,414][spider.py 30][INFO]: get song: Have Your Love">Allie Zarazua - Have Your Love , url:/music/2045467481.html
[2024-10-23 11:48:57,415][spider.py 30][INFO]: get song: Dup Dup">EK - Dup Dup , url:/music/2633443361.html
[2024-10-23 11:48:57,416][spider.py 30][INFO]: get song: 姑娘别哭泣 (弹唱版)">柯柯柯啊 - 姑娘别哭泣 (弹唱版) , url:/music/2075896544.html
[2024-10-23 11:48:57,416][spider.py 30][INFO]: get song: 犯了错">2个女生 - 犯了错 , url:/music/363920.html
[2024-10-23 11:48:57,416][spider.py 30][INFO]: get song: A Medley Of Funk: Intro / Rock Yuh Butt / Who's # 1 / Take The Picture / All To The Left / Shoot 'Em Down (Live)">E.U. - A Medley Of Funk: Intro / Rock Yuh Butt / Who's # 1 / Take The Picture / All To The Left / Shoot 'Em Down (Live) , url:/music/554953190.html
[2024-10-23 11:48:57,417][spider.py 30][INFO]: get song: 阳光燕子 伴奏">寒空笙/崔璨（虚拟歌手） - 阳光燕子 伴奏 , url:/music/2638034317.html
[2024-10-23 11:48:57,417][spider.py 30][INFO]: get song: Six Pieces on One Theme, Op. 21: II. Fugue à 4 voix. Andante">Peter Donohoe - Six Pieces on One Theme, Op. 21: II. Fugue à 4 voix. Andante , url:/music/1407394199.html
[2024-10-23 11:48:57,417][spider.py 30][INFO]: get song: Bubbly Music for Sleeping Puppies">Piano Music for Dogs Playlist - Bubbly Music for Sleeping Puppies , url:/music/1844645755.html
[2024-10-23 11:48:57,417][spider.py 30][INFO]: get song: FIGHT IT OUT (INSTRUMENTAL)">増田武史 - FIGHT IT OUT (INSTRUMENTAL) , url:/music/28812055.html
[2024-10-23 11:48:57,418][spider.py 30][INFO]: get song: Camino a la Luna~月へ至る山道">Motivo - Camino a la Luna~月へ至る山道 , url:/music/834372.html
[2024-10-23 11:48:57,418][spider.py 30][INFO]: get song: We´Re Not from This World">Artificial - We´Re Not from This World , url:/music/1430426259.html
[2024-10-23 11:48:57,418][spider.py 30][INFO]: get song: Holding On To You">Gary A Wales - Holding On To You , url:/music/2635961592.html
[2024-10-23 11:48:57,418][spider.py 30][INFO]: get song: 我的爱对你说">叶蒨文 - 我的爱对你说 , url:/music/405654990.html
[2024-10-23 11:48:57,419][spider.py 30][INFO]: get song: Dark Warrior (FYH114) (Willem De Roo Remix)">Andrew Rayel - Dark Warrior (FYH114) (Willem De Roo Remix) , url:/music/1296889651.html
[2024-10-23 11:48:57,992][spider.py 54][INFO]: start download  Incredible Music for Home Cooking">Coffee Shop Jazz Relax - Incredible Music for Home Cooking
[2024-10-23 11:48:58,873][spider.py 54][INFO]: start download  寸草春晖">是你的狐狸ya - 寸草春晖
[2024-10-23 11:48:59,530][spider.py 54][INFO]: start download  Have Your Love">Allie Zarazua - Have Your Love
[2024-10-23 11:49:00,058][spider.py 54][INFO]: start download  Dup Dup">EK - Dup Dup
[2024-10-23 11:49:00,107][download.py 20][WARNING]: write file faild because : [Errno 2] No such file or directory: 'D:\\script\\Python_scripts\\1nzd_com\\data\\mp3\\ 寸草春晖">是你的狐狸ya - 寸草春晖.mp3'
[2024-10-23 11:49:00,549][spider.py 54][INFO]: start download  姑娘别哭泣 (弹唱版)">柯柯柯啊 - 姑娘别哭泣 (弹唱版)
[2024-10-23 11:49:01,147][download.py 20][WARNING]: write file faild because : [Errno 2] No such file or directory: 'D:\\script\\Python_scripts\\1nzd_com\\data\\mp3\\ Incredible Music for Home Cooking">Coffee Shop Jazz Relax - Incredible Music for Home Cooking.mp3'
[2024-10-23 11:49:01,357][spider.py 54][INFO]: start download  犯了错">2个女生 - 犯了错
[2024-10-23 11:49:01,392][download.py 20][WARNING]: write file faild because : [Errno 2] No such file or directory: 'D:\\script\\Python_scripts\\1nzd_com\\data\\mp3\\ 姑娘别哭泣 (弹唱版)">柯柯柯啊 - 姑娘别哭泣 (弹唱版).mp3'
[2024-10-23 11:49:02,061][spider.py 54][INFO]: start download  A Medley Of Funk: Intro / Rock Yuh Butt / Who's # 1 / Take The Picture / All To The Left / Shoot 'Em Down (Live)">E.U. - A Medley Of Funk: Intro / Rock Yuh Butt / Who's # 1 / Take The Picture / All To The Left / Shoot 'Em Down (Live)
[2024-10-23 11:49:02,629][spider.py 54][INFO]: start download  阳光燕子 伴奏">寒空笙/崔璨（虚拟歌手） - 阳光燕子 伴奏
[2024-10-23 11:49:02,806][download.py 20][WARNING]: write file faild because : [Errno 22] Invalid argument: 'D:\\script\\Python_scripts\\1nzd_com\\data\\mp3\\ A Medley Of Funk: Intro / Rock Yuh Butt / Who\'s # 1 / Take The Picture / All To The Left / Shoot \'Em Down (Live)">E.U. - A Medley Of Funk: Intro / Rock Yuh Butt / Who\'s # 1 / Take The Picture / All To The Left / Shoot \'Em Down (Live).mp3'
[2024-10-23 11:49:03,102][download.py 20][WARNING]: write file faild because : [Errno 2] No such file or directory: 'D:\\script\\Python_scripts\\1nzd_com\\data\\mp3\\ Have Your Love">Allie Zarazua - Have Your Love.mp3'
[2024-10-23 11:49:03,148][spider.py 54][INFO]: start download  Six Pieces on One Theme, Op. 21: II. Fugue à 4 voix. Andante">Peter Donohoe - Six Pieces on One Theme, Op. 21: II. Fugue à 4 voix. Andante
[2024-10-23 11:49:03,231][download.py 20][WARNING]: write file faild because : [Errno 2] No such file or directory: 'D:\\script\\Python_scripts\\1nzd_com\\data\\mp3\\ Dup Dup">EK - Dup Dup.mp3'
[2024-10-23 11:49:03,587][download.py 20][WARNING]: write file faild because : [Errno 2] No such file or directory: 'D:\\script\\Python_scripts\\1nzd_com\\data\\mp3\\ 犯了错">2个女生 - 犯了错.mp3'
[2024-10-23 11:49:03,698][spider.py 54][INFO]: start download  Bubbly Music for Sleeping Puppies">Piano Music for Dogs Playlist - Bubbly Music for Sleeping Puppies
[2024-10-23 11:49:04,242][download.py 20][WARNING]: write file faild because : [Errno 2] No such file or directory: 'D:\\script\\Python_scripts\\1nzd_com\\data\\mp3\\ 阳光燕子 伴奏">寒空笙/崔璨（虚拟歌手） - 阳光燕子 伴奏.mp3'
[2024-10-23 11:49:04,412][spider.py 54][INFO]: start download  FIGHT IT OUT (INSTRUMENTAL)">増田武史 - FIGHT IT OUT (INSTRUMENTAL)
[2024-10-23 11:49:05,128][download.py 20][WARNING]: write file faild because : [Errno 2] No such file or directory: 'D:\\script\\Python_scripts\\1nzd_com\\data\\mp3\\ Bubbly Music for Sleeping Puppies">Piano Music for Dogs Playlist - Bubbly Music for Sleeping Puppies.mp3'
[2024-10-23 11:49:05,249][spider.py 54][INFO]: start download  Camino a la Luna~月へ至る山道">Motivo - Camino a la Luna~月へ至る山道
[2024-10-23 11:49:05,734][spider.py 54][INFO]: start download  We´Re Not from This World">Artificial - We´Re Not from This World
[2024-10-23 11:49:06,171][download.py 20][WARNING]: write file faild because : [Errno 22] Invalid argument: 'D:\\script\\Python_scripts\\1nzd_com\\data\\mp3\\ Six Pieces on One Theme, Op. 21: II. Fugue à 4 voix. Andante">Peter Donohoe - Six Pieces on One Theme, Op. 21: II. Fugue à 4 voix. Andante.mp3'
[2024-10-23 11:49:06,298][spider.py 54][INFO]: start download  Holding On To You">Gary A Wales - Holding On To You
[2024-10-23 11:49:06,796][spider.py 54][INFO]: start download  我的爱对你说">叶蒨文 - 我的爱对你说
[2024-10-23 11:49:07,145][download.py 20][WARNING]: write file faild because : [Errno 2] No such file or directory: 'D:\\script\\Python_scripts\\1nzd_com\\data\\mp3\\ We´Re Not from This World">Artificial - We´Re Not from This World.mp3'
[2024-10-23 11:49:07,467][spider.py 54][INFO]: start download  Dark Warrior (FYH114) (Willem De Roo Remix)">Andrew Rayel - Dark Warrior (FYH114) (Willem De Roo Remix)
[2024-10-23 11:49:07,468][spider.py 76][WARNING]: 写入文件失败，原因：[Errno 2] No such file or directory: 'D:\\script\\Python_scripts\\1nzd_com\\data\\mp3.csv'
[2024-10-23 11:49:07,468][spider.py 87][INFO]: ___________爬取完毕___________
[2024-10-23 11:49:09,074][download.py 20][WARNING]: write file faild because : [Errno 2] No such file or directory: 'D:\\script\\Python_scripts\\1nzd_com\\data\\mp3\\ FIGHT IT OUT (INSTRUMENTAL)">増田武史 - FIGHT IT OUT (INSTRUMENTAL).mp3'
[2024-10-23 11:49:09,554][download.py 20][WARNING]: write file faild because : [Errno 2] No such file or directory: 'D:\\script\\Python_scripts\\1nzd_com\\data\\mp3\\ Holding On To You">Gary A Wales - Holding On To You.mp3'
[2024-10-23 11:49:10,228][download.py 20][WARNING]: write file faild because : [Errno 2] No such file or directory: 'D:\\script\\Python_scripts\\1nzd_com\\data\\mp3\\ Dark Warrior (FYH114) (Willem De Roo Remix)">Andrew Rayel - Dark Warrior (FYH114) (Willem De Roo Remix).mp3'
[2024-10-23 11:49:10,459][download.py 20][WARNING]: write file faild because : [Errno 2] No such file or directory: 'D:\\script\\Python_scripts\\1nzd_com\\data\\mp3\\ 我的爱对你说">叶蒨文 - 我的爱对你说.mp3'
[2024-10-23 11:49:10,770][download.py 20][WARNING]: write file faild because : [Errno 2] No such file or directory: 'D:\\script\\Python_scripts\\1nzd_com\\data\\mp3\\ Camino a la Luna~月へ至る山道">Motivo - Camino a la Luna~月へ至る山道.mp3'
